# JRE version: Java(TM) SE Runtime Environment (8.0_51-b16) (build 1.8.0_51-b16)
# Java VM: Java HotSpot(TM) 64-Bit Server VM (25.51-b03 mixed mode windows-amd64 compressed oops)
Heap:
 PSYoungGen      total 18432K, used 9262K [0x00000000ebb80000, 0x00000000ed200000, 0x0000000100000000)
  eden space 15360K, 59% used [0x00000000ebb80000,0x00000000ec47bbd8,0x00000000eca80000)
  from space 3072K, 2% used [0x00000000ece00000,0x00000000ece10000,0x00000000ed100000)
  to   space 3584K, 0% used [0x00000000eca80000,0x00000000eca80000,0x00000000ece00000)
 ParOldGen       total 42496K, used 2041K [0x00000000c3200000, 0x00000000c5b80000, 0x00000000ebb80000)
  object space 42496K, 4% used [0x00000000c3200000,0x00000000c33fe678,0x00000000c5b80000)
 Metaspace       used 6007K, capacity 6517K, committed 6784K, reserved 1056768K
  class space    used 588K, capacity 627K, committed 640K, reserved 1048576K
GC Heap History (10 events):
Event: 18.048 GC heap before
{Heap before GC invocations=4 (full 0):
 PSYoungGen      total 18432K, used 17616K [0x00000000ebb80000, 0x00000000ed000000, 0x0000000100000000)
  eden space 15872K, 100% used [0x00000000ebb80000,0x00000000ecb00000,0x00000000ecb00000)
  from space 2560K, 68% used [0x00000000ecb00000,0x00000000eccb4010,0x00000000ecd80000)
  to   space 2560K, 0% used [0x00000000ecd80000,0x00000000ecd80000,0x00000000ed000000)
 ParOldGen       total 42496K, used 267K [0x00000000c3200000, 0x00000000c5b80000, 0x00000000ebb80000)
  object space 42496K, 0% used [0x00000000c3200000,0x00000000c3242c40,0x00000000c5b80000)
 Metaspace       used 5976K, capacity 6517K, committed 6784K, reserved 1056768K
  class space    used 587K, capacity 627K, committed 640K, reserved 1048576K
Event: 18.055 GC heap after
Heap after GC invocations=4 (full 0):
 PSYoungGen      total 18432K, used 1744K [0x00000000ebb80000, 0x00000000ed000000, 0x0000000100000000)
  eden space 15872K, 0% used [0x00000000ebb80000,0x00000000ebb80000,0x00000000ecb00000)
  from space 2560K, 68% used [0x00000000ecd80000,0x00000000ecf34010,0x00000000ed000000)
  to   space 2560K, 0% used [0x00000000ecb00000,0x00000000ecb00000,0x00000000ecd80000)
 ParOldGen       total 42496K, used 275K [0x00000000c3200000, 0x00000000c5b80000, 0x00000000ebb80000)
  object space 42496K, 0% used [0x00000000c3200000,0x00000000c3244c40,0x00000000c5b80000)
 Metaspace       used 5976K, capacity 6517K, committed 6784K, reserved 1056768K
  class space    used 587K, capacity 627K, committed 640K, reserved 1048576K
}
Event: 23.917 GC heap before
{Heap before GC invocations=5 (full 0):
 PSYoungGen      total 18432K, used 17616K [0x00000000ebb80000, 0x00000000ed000000, 0x0000000100000000)
  eden space 15872K, 100% used [0x00000000ebb80000,0x00000000ecb00000,0x00000000ecb00000)
  from space 2560K, 68% used [0x00000000ecd80000,0x00000000ecf34010,0x00000000ed000000)
  to   space 2560K, 0% used [0x00000000ecb00000,0x00000000ecb00000,0x00000000ecd80000)
 ParOldGen       total 42496K, used 275K [0x00000000c3200000, 0x00000000c5b80000, 0x00000000ebb80000)
  object space 42496K, 0% used [0x00000000c3200000,0x00000000c3244c40,0x00000000c5b80000)
 Metaspace       used 5988K, capacity 6517K, committed 6784K, reserved 1056768K
  class space    used 587K, capacity 627K, committed 640K, reserved 1048576K
Event: 23.924 GC heap after
Heap after GC invocations=5 (full 0):
 PSYoungGen      total 18432K, used 1792K [0x00000000ebb80000, 0x00000000ed100000, 0x0000000100000000)
  eden space 15872K, 0% used [0x00000000ebb80000,0x00000000ebb80000,0x00000000ecb00000)
  from space 2560K, 70% used [0x00000000ecb00000,0x00000000eccc0000,0x00000000ecd80000)
  to   space 3072K, 0% used [0x00000000ece00000,0x00000000ece00000,0x00000000ed100000)
 ParOldGen       total 42496K, used 283K [0x00000000c3200000, 0x00000000c5b80000, 0x00000000ebb80000)
  object space 42496K, 0% used [0x00000000c3200000,0x00000000c3246c40,0x00000000c5b80000)
 Metaspace       used 5988K, capacity 6517K, committed 6784K, reserved 1056768K
  class space    used 587K, capacity 627K, committed 640K, reserved 1048576K
}
Event: 29.814 GC heap before
{Heap before GC invocations=6 (full 0):
 PSYoungGen      total 18432K, used 17664K [0x00000000ebb80000, 0x00000000ed100000, 0x0000000100000000)
  eden space 15872K, 100% used [0x00000000ebb80000,0x00000000ecb00000,0x00000000ecb00000)
  from space 2560K, 70% used [0x00000000ecb00000,0x00000000eccc0000,0x00000000ecd80000)
  to   space 3072K, 0% used [0x00000000ece00000,0x00000000ece00000,0x00000000ed100000)
 ParOldGen       total 42496K, used 283K [0x00000000c3200000, 0x00000000c5b80000, 0x00000000ebb80000)
  object space 42496K, 0% used [0x00000000c3200000,0x00000000c3246c40,0x00000000c5b80000)
 Metaspace       used 5988K, capacity 6517K, committed 6784K, reserved 1056768K
  class space    used 587K, capacity 627K, committed 640K, reserved 1048576K
Event: 29.822 GC heap after
Heap after GC invocations=6 (full 0):
 PSYoungGen      total 18944K, used 1744K [0x00000000ebb80000, 0x00000000ed100000, 0x0000000100000000)
  eden space 15872K, 0% used [0x00000000ebb80000,0x00000000ebb80000,0x00000000ecb00000)
  from space 3072K, 56% used [0x00000000ece00000,0x00000000ecfb4010,0x00000000ed100000)
  to   space 3072K, 0% used [0x00000000ecb00000,0x00000000ecb00000,0x00000000ece00000)
 ParOldGen       total 42496K, used 291K [0x00000000c3200000, 0x00000000c5b80000, 0x00000000ebb80000)
  object space 42496K, 0% used [0x00000000c3200000,0x00000000c3248c40,0x00000000c5b80000)
 Metaspace       used 5988K, capacity 6517K, committed 6784K, reserved 1056768K
  class space    used 587K, capacity 627K, committed 640K, reserved 1048576K
}
Event: 35.773 GC heap before
{Heap before GC invocations=7 (full 0):
 PSYoungGen      total 18944K, used 17616K [0x00000000ebb80000, 0x00000000ed100000, 0x0000000100000000)
  eden space 15872K, 100% used [0x00000000ebb80000,0x00000000ecb00000,0x00000000ecb00000)
  from space 3072K, 56% used [0x00000000ece00000,0x00000000ecfb4010,0x00000000ed100000)
  to   space 3072K, 0% used [0x00000000ecb00000,0x00000000ecb00000,0x00000000ece00000)
 ParOldGen       total 42496K, used 291K [0x00000000c3200000, 0x00000000c5b80000, 0x00000000ebb80000)
  object space 42496K, 0% used [0x00000000c3200000,0x00000000c3248c40,0x00000000c5b80000)
 Metaspace       used 5996K, capacity 6517K, committed 6784K, reserved 1056768K
  class space    used 588K, capacity 627K, committed 640K, reserved 1048576K
Event: 35.782 GC heap after
Heap after GC invocations=7 (full 0):
 PSYoungGen      total 18944K, used 96K [0x00000000ebb80000, 0x00000000ed100000, 0x0000000100000000)
  eden space 15872K, 0% used [0x00000000ebb80000,0x00000000ebb80000,0x00000000ecb00000)
  from space 3072K, 3% used [0x00000000ecb00000,0x00000000ecb18000,0x00000000ece00000)
  to   space 3072K, 0% used [0x00000000ece00000,0x00000000ece00000,0x00000000ed100000)
 ParOldGen       total 42496K, used 2033K [0x00000000c3200000, 0x00000000c5b80000, 0x00000000ebb80000)
  object space 42496K, 4% used [0x00000000c3200000,0x00000000c33fc678,0x00000000c5b80000)
 Metaspace       used 5996K, capacity 6517K, committed 6784K, reserved 1056768K
  class space    used 588K, capacity 627K, committed 640K, reserved 1048576K
}
Event: 41.752 GC heap before
{Heap before GC invocations=8 (full 0):
 PSYoungGen      total 18944K, used 15968K [0x00000000ebb80000, 0x00000000ed100000, 0x0000000100000000)
  eden space 15872K, 100% used [0x00000000ebb80000,0x00000000ecb00000,0x00000000ecb00000)
  from space 3072K, 3% used [0x00000000ecb00000,0x00000000ecb18000,0x00000000ece00000)
  to   space 3072K, 0% used [0x00000000ece00000,0x00000000ece00000,0x00000000ed100000)
 ParOldGen       total 42496K, used 2033K [0x00000000c3200000, 0x00000000c5b80000, 0x00000000ebb80000)
  object space 42496K, 4% used [0x00000000c3200000,0x00000000c33fc678,0x00000000c5b80000)
 Metaspace       used 6003K, capacity 6517K, committed 6784K, reserved 1056768K
  class space    used 588K, capacity 627K, committed 640K, reserved 1048576K
Event: 41.753 GC heap after
Heap after GC invocations=8 (full 0):
 PSYoungGen      total 18432K, used 64K [0x00000000ebb80000, 0x00000000ed200000, 0x0000000100000000)
  eden space 15360K, 0% used [0x00000000ebb80000,0x00000000ebb80000,0x00000000eca80000)
  from space 3072K, 2% used [0x00000000ece00000,0x00000000ece10000,0x00000000ed100000)
  to   space 3584K, 0% used [0x00000000eca80000,0x00000000eca80000,0x00000000ece00000)
 ParOldGen       total 42496K, used 2041K [0x00000000c3200000, 0x00000000c5b80000, 0x00000000ebb80000)
  object space 42496K, 4% used [0x00000000c3200000,0x00000000c33fe678,0x00000000c5b80000)
 Metaspace       used 6003K, capacity 6517K, committed 6784K, reserved 1056768K
  class space    used 588K, capacity 627K, committed 640K, reserved 1048576K
}

